<?xml version="1.0" encoding="UTF-8"?>
<testsuites name="Athena Auth API" tests="33" time="1.306">
  <testsuite name="Auth / Register" id="e3e62199-0e01-41f2-8709-600c18cff670" timestamp="2025-08-16T10:16:51.390Z" tests="4" failures="0" errors="0" time="0.358">
    <testcase name="Status is 201" time="0.358" classname="AthenaAuthApi"/>
    <testcase name="Returns JSON" time="0.358" classname="AthenaAuthApi"/>
    <testcase name="Response wrapped with data" time="0.358" classname="AthenaAuthApi"/>
    <testcase name="Has user + tokens" time="0.358" classname="AthenaAuthApi"/>
  </testsuite>
  <testsuite name="Auth / Login" id="21d5a714-f9b9-429f-af03-ac903529d490" timestamp="2025-08-16T10:16:51.390Z" tests="3" failures="0" errors="0" time="0.247">
    <testcase name="Status is 200" time="0.247" classname="AthenaAuthApi"/>
    <testcase name="Response wrapped with data" time="0.247" classname="AthenaAuthApi"/>
    <testcase name="Has user + tokens" time="0.247" classname="AthenaAuthApi"/>
  </testsuite>
  <testsuite name="Auth / Login - Invalid Password (401)" id="749523c1-769c-4225-b9a2-fef8edda395e" timestamp="2025-08-16T10:16:51.390Z" tests="2" failures="0" errors="0" time="0.296">
    <testcase name="Status is 401" time="0.296" classname="AthenaAuthApi"/>
    <testcase name="Has error body" time="0.296" classname="AthenaAuthApi"/>
  </testsuite>
  <testsuite name="Auth / Refresh" id="34321897-fc4e-45b7-973b-a7ed969a4f8d" timestamp="2025-08-16T10:16:51.390Z" tests="3" failures="0" errors="0" time="0.021">
    <testcase name="Status is 200" time="0.021" classname="AthenaAuthApi"/>
    <testcase name="Response wrapped with data" time="0.021" classname="AthenaAuthApi"/>
    <testcase name="Returns tokens" time="0.021" classname="AthenaAuthApi"/>
  </testsuite>
  <testsuite name="Auth / Refresh - Missing Token (400)" id="8e2c2bc3-170d-460f-a313-5093aea863a1" timestamp="2025-08-16T10:16:51.390Z" tests="2" failures="0" errors="0" time="0.014">
    <testcase name="Status is 400" time="0.014" classname="AthenaAuthApi"/>
    <testcase name="Has error body" time="0.014" classname="AthenaAuthApi"/>
  </testsuite>
  <testsuite name="Auth / Refresh - Invalid Token (401)" id="fe3e1721-1933-4269-accc-15d5c4e6df5c" timestamp="2025-08-16T10:16:51.390Z" tests="2" failures="0" errors="0" time="0.014">
    <testcase name="Status is 401" time="0.014" classname="AthenaAuthApi"/>
    <testcase name="Has error body" time="0.014" classname="AthenaAuthApi"/>
  </testsuite>
  <testsuite name="Auth / Logout" id="4e17cc5e-9225-4979-879a-1749aa1854fe" timestamp="2025-08-16T10:16:51.390Z" tests="4" failures="0" errors="0" time="0.015">
    <testcase name="Status is 200" time="0.015" classname="AthenaAuthApi"/>
    <testcase name="Response wrapped with data" time="0.015" classname="AthenaAuthApi"/>
    <testcase name="Logout success message" time="0.015" classname="AthenaAuthApi"/>
    <testcase name="User ID matches" time="0.015" classname="AthenaAuthApi"/>
  </testsuite>
  <testsuite name="Auth / Refresh After Logout (401)" id="03b727f4-e60d-4c3b-825a-9e9485605657" timestamp="2025-08-16T10:16:51.390Z" tests="2" failures="0" errors="0" time="0.015">
    <testcase name="Status is 401" time="0.015" classname="AthenaAuthApi"/>
    <testcase name="Has error body" time="0.015" classname="AthenaAuthApi"/>
  </testsuite>
  <testsuite name="Auth / Logout Without Token (401)" id="b49a6689-cd3b-4fb0-92bc-7d2bb18f3439" timestamp="2025-08-16T10:16:51.390Z" tests="2" failures="0" errors="0" time="0.013">
    <testcase name="Status is 401" time="0.013" classname="AthenaAuthApi"/>
    <testcase name="Has error body or text" time="0.013" classname="AthenaAuthApi"/>
  </testsuite>
  <testsuite name="Videos / List Videos" id="191ff795-211a-4662-af8b-af2c1add08dd" timestamp="2025-08-16T10:16:51.390Z" tests="4" failures="0" errors="0" time="0.013">
    <testcase name="Status is 200" time="0.013" classname="AthenaAuthApi"/>
    <testcase name="Response wrapped with data" time="0.013" classname="AthenaAuthApi"/>
    <testcase name="Has meta object" time="0.013" classname="AthenaAuthApi"/>
    <testcase name="Meta has pagination fields" time="0.013" classname="AthenaAuthApi"/>
  </testsuite>
  <testsuite name="Videos / List Videos - With Filters" id="2f2bc788-5042-4446-bd6d-2ac64dce4850" timestamp="2025-08-16T10:16:51.390Z" tests="2" failures="0" errors="0" time="0.026">
    <testcase name="Status is 200" time="0.026" classname="AthenaAuthApi"/>
    <testcase name="Response wrapped with data" time="0.026" classname="AthenaAuthApi"/>
  </testsuite>
  <testsuite name="Videos / Search Videos" id="e8b4d258-cda2-4f6f-8bc4-12f402be5408" timestamp="2025-08-16T10:16:51.390Z" tests="3" failures="0" errors="0" time="0.017">
    <testcase name="Status is 200" time="0.017" classname="AthenaAuthApi"/>
    <testcase name="Response wrapped with data" time="0.017" classname="AthenaAuthApi"/>
    <testcase name="Has meta object" time="0.017" classname="AthenaAuthApi"/>
  </testsuite>
  <testsuite name="Videos / Search Videos - With Tags" id="931c2642-b564-4b95-a7c5-042c29c68108" timestamp="2025-08-16T10:16:51.390Z" tests="2" failures="0" errors="0" time="0.026">
    <testcase name="Status is 200" time="0.026" classname="AthenaAuthApi"/>
    <testcase name="Response wrapped with data" time="0.026" classname="AthenaAuthApi"/>
  </testsuite>
  <testsuite name="Videos / Search Videos - Missing Query (400)" id="ffc1ae65-b434-4289-8c2a-70b18296d88e" timestamp="2025-08-16T10:16:51.390Z" tests="2" failures="0" errors="0" time="0.009">
    <testcase name="Status is 400" time="0.009" classname="AthenaAuthApi"/>
    <testcase name="Has error body" time="0.009" classname="AthenaAuthApi"/>
  </testsuite>
  <testsuite name="Videos / Get Video by ID" id="dfd14484-3250-48c0-b4b2-5a21795c5330" timestamp="2025-08-16T10:16:51.390Z" tests="4" failures="3" errors="0" time="0.012">
    <testcase name="Status is 200" time="0.012" classname="AthenaAuthApi">
      <failure type="AssertionFailure" message="expected response to have status code 200 but got 400">
        <![CDATA[Failed 1 times.]]>
        <![CDATA[Collection JSON ID: a5f5f3f0-0000-4000-9000-aaaaaaaaaaaa.]]>
        <![CDATA[Collection name: Athena Auth API.]]>
        <![CDATA[Request name: Videos / Get Video by ID.]]>
        <![CDATA[Test description: Status is 200.]]>
        <![CDATA[Error message: expected response to have status code 200 but got 400.]]>
        <![CDATA[Stacktrace: AssertionError: expected response to have status code 200 but got 400
   at Object.eval sandbox-script.js:1:15).]]>
      </failure>
    </testcase>
    <testcase name="Response wrapped with data" time="0.012" classname="AthenaAuthApi">
      <failure type="AssertionFailure" message="expected { error: { …(2) }, success: false } to have property 'data'">
        <![CDATA[Failed 1 times.]]>
        <![CDATA[Collection JSON ID: a5f5f3f0-0000-4000-9000-aaaaaaaaaaaa.]]>
        <![CDATA[Collection name: Athena Auth API.]]>
        <![CDATA[Request name: Videos / Get Video by ID.]]>
        <![CDATA[Test description: Response wrapped with data.]]>
        <![CDATA[Error message: expected { error: { …(2) }, success: false } to have property 'data'.]]>
        <![CDATA[Stacktrace: AssertionError: expected { error: { …(2) }, success: false } to have property 'data'
   at Object.eval sandbox-script.js:2:15).]]>
      </failure>
    </testcase>
    <testcase name="Video has all fields" time="0.012" classname="AthenaAuthApi">
      <failure type="AssertionFailure" message="expected {} to have property 'id'">
        <![CDATA[Failed 1 times.]]>
        <![CDATA[Collection JSON ID: a5f5f3f0-0000-4000-9000-aaaaaaaaaaaa.]]>
        <![CDATA[Collection name: Athena Auth API.]]>
        <![CDATA[Request name: Videos / Get Video by ID.]]>
        <![CDATA[Test description: Video has all fields.]]>
        <![CDATA[Error message: expected {} to have property 'id'.]]>
        <![CDATA[Stacktrace: AssertionError: expected {} to have property 'id'
   at Object.eval sandbox-script.js:3:15).]]>
      </failure>
    </testcase>
    <testcase name="Video ID matches requested" time="0.012" classname="AthenaAuthApi"/>
  </testsuite>
  <testsuite name="Videos / Get Video - Not Found (404)" id="587ee09c-c018-480e-99d3-30a8038b39e6" timestamp="2025-08-16T10:16:51.390Z" tests="2" failures="0" errors="0" time="0.015">
    <testcase name="Status is 404" time="0.015" classname="AthenaAuthApi"/>
    <testcase name="Has error body" time="0.015" classname="AthenaAuthApi"/>
  </testsuite>
  <testsuite name="Videos / Create Video" id="d5388df0-3171-497c-a91e-a7fd8222d34d" timestamp="2025-08-16T10:16:51.390Z" tests="6" failures="0" errors="0" time="0.016">
    <testcase name="Status is 201" time="0.016" classname="AthenaAuthApi"/>
    <testcase name="Has Location header" time="0.016" classname="AthenaAuthApi"/>
    <testcase name="Response wrapped with data" time="0.016" classname="AthenaAuthApi"/>
    <testcase name="Has id and thumbnail_id" time="0.016" classname="AthenaAuthApi"/>
    <testcase name="id is uuid" time="0.016" classname="AthenaAuthApi"/>
    <testcase name="thumbnail_id is uuid" time="0.016" classname="AthenaAuthApi"/>
  </testsuite>
  <testsuite name="Videos / Create Video - Missing Token (401)" id="92d08beb-cfcc-48c1-967c-c2ce534739ec" timestamp="2025-08-16T10:16:51.390Z" tests="2" failures="0" errors="0" time="0.009">
    <testcase name="Status is 401" time="0.009" classname="AthenaAuthApi"/>
    <testcase name="Has error body or text" time="0.009" classname="AthenaAuthApi"/>
  </testsuite>
  <testsuite name="Videos / Update Video" id="44d9f2f8-a882-4dcd-b416-58f761b203b0" timestamp="2025-08-16T10:16:51.390Z" tests="3" failures="0" errors="0" time="0.016">
    <testcase name="Status is 200" time="0.016" classname="AthenaAuthApi"/>
    <testcase name="Response wrapped with data" time="0.016" classname="AthenaAuthApi"/>
    <testcase name="Video updated correctly" time="0.016" classname="AthenaAuthApi"/>
  </testsuite>
  <testsuite name="Videos / Update Video - Not Found (404)" id="c93c94ef-913a-4e73-beec-90a42879fd45" timestamp="2025-08-16T10:16:51.390Z" tests="2" failures="0" errors="0" time="0.012">
    <testcase name="Status is 404" time="0.012" classname="AthenaAuthApi"/>
    <testcase name="Has error body" time="0.012" classname="AthenaAuthApi"/>
  </testsuite>
  <testsuite name="Videos / Delete Video" id="b21fb482-9014-4e8a-b01a-026913e21add" timestamp="2025-08-16T10:16:51.390Z" tests="2" failures="0" errors="0" time="0.010">
    <testcase name="Status is 204" time="0.010" classname="AthenaAuthApi"/>
    <testcase name="No response body" time="0.010" classname="AthenaAuthApi"/>
  </testsuite>
  <testsuite name="Videos / Delete Video - Not Found (404)" id="57ba91e0-63a3-4089-9038-7c68e87b7158" timestamp="2025-08-16T10:16:51.390Z" tests="2" failures="0" errors="0" time="0.013">
    <testcase name="Status is 404" time="0.013" classname="AthenaAuthApi"/>
    <testcase name="Has error body" time="0.013" classname="AthenaAuthApi"/>
  </testsuite>
  <testsuite name="Videos / Delete Video - Missing Token (401)" id="379ea002-40e1-4811-86ea-8d529edbb9cd" timestamp="2025-08-16T10:16:51.390Z" tests="2" failures="0" errors="0" time="0.013">
    <testcase name="Status is 401" time="0.013" classname="AthenaAuthApi"/>
    <testcase name="Has error body or text" time="0.013" classname="AthenaAuthApi"/>
  </testsuite>
  <testsuite name="Videos / Get User Videos" id="bed74ddd-80ed-4e9a-a340-32747c41a005" timestamp="2025-08-16T10:16:51.390Z" tests="4" failures="0" errors="0" time="0.014">
    <testcase name="Status is 200" time="0.014" classname="AthenaAuthApi"/>
    <testcase name="Response wrapped with data" time="0.014" classname="AthenaAuthApi"/>
    <testcase name="Has meta object" time="0.014" classname="AthenaAuthApi"/>
    <testcase name="Meta has pagination fields" time="0.014" classname="AthenaAuthApi"/>
  </testsuite>
  <testsuite name="Videos / Get User Videos - Nonexistent User" id="59ad9df6-7fe7-48b8-a5f9-ea45a82ad6d1" timestamp="2025-08-16T10:16:51.390Z" tests="3" failures="0" errors="0" time="0.014">
    <testcase name="Status is 200" time="0.014" classname="AthenaAuthApi"/>
    <testcase name="Response wrapped with data" time="0.014" classname="AthenaAuthApi"/>
    <testcase name="Returns empty array for nonexistent user" time="0.014" classname="AthenaAuthApi"/>
  </testsuite>
  <testsuite name="Videos / Create Video - Invalid JSON (400)" id="24865209-173f-4eeb-aac6-8a939114e731" timestamp="2025-08-16T10:16:51.390Z" tests="2" failures="0" errors="0" time="0.011">
    <testcase name="Status is 400" time="0.011" classname="AthenaAuthApi"/>
    <testcase name="Has error body" time="0.011" classname="AthenaAuthApi"/>
  </testsuite>
  <testsuite name="Videos / Create Video - Missing Required Fields (400)" id="d13707c0-1fc9-4bb6-9a26-2f64e0eee2ef" timestamp="2025-08-16T10:16:51.390Z" tests="2" failures="0" errors="0" time="0.010">
    <testcase name="Status is 400" time="0.010" classname="AthenaAuthApi"/>
    <testcase name="Has error body" time="0.010" classname="AthenaAuthApi"/>
  </testsuite>
  <testsuite name="Videos / Update Video - Invalid JSON (400)" id="16adaece-ffd6-4ba9-a8f9-74f87fdfa667" timestamp="2025-08-16T10:16:51.390Z" tests="2" failures="0" errors="0" time="0.017">
    <testcase name="Status is 400" time="0.017" classname="AthenaAuthApi"/>
    <testcase name="Has error body" time="0.017" classname="AthenaAuthApi"/>
  </testsuite>
  <testsuite name="Videos / Update Video - Missing Token (401)" id="4fb61c45-4d09-4b47-a6b1-4acb9de08a28" timestamp="2025-08-16T10:16:51.390Z" tests="2" failures="0" errors="0" time="0.007">
    <testcase name="Status is 401" time="0.007" classname="AthenaAuthApi"/>
    <testcase name="Has error body or text" time="0.007" classname="AthenaAuthApi"/>
  </testsuite>
  <testsuite name="Videos / Video Streaming Endpoint" id="41eef9aa-b0fa-4e87-8ab7-9bd04fe8c426" timestamp="2025-08-16T10:16:51.390Z" tests="3" failures="0" errors="0" time="0.007">
    <testcase name="Status is 200" time="0.007" classname="AthenaAuthApi"/>
    <testcase name="Content-Type is HLS" time="0.007" classname="AthenaAuthApi"/>
    <testcase name="Response contains HLS playlist" time="0.007" classname="AthenaAuthApi"/>
  </testsuite>
  <testsuite name="Videos / Upload Video Chunk" id="050b57f8-e0c4-4242-9689-118702b3b46f" timestamp="2025-08-16T10:16:51.390Z" tests="3" failures="0" errors="0" time="0.007">
    <testcase name="Status is 200" time="0.007" classname="AthenaAuthApi"/>
    <testcase name="Response wrapped with data" time="0.007" classname="AthenaAuthApi"/>
    <testcase name="Upload response has chunk info" time="0.007" classname="AthenaAuthApi"/>
  </testsuite>
  <testsuite name="Videos / Upload Video Chunk - Missing Headers (400)" id="5d5cfcc5-72a1-4b64-a76c-775e33f83b47" timestamp="2025-08-16T10:16:51.390Z" tests="2" failures="0" errors="0" time="0.011">
    <testcase name="Status is 400" time="0.011" classname="AthenaAuthApi"/>
    <testcase name="Has error body" time="0.011" classname="AthenaAuthApi"/>
  </testsuite>
  <testsuite name="Videos / Complete Video Upload" id="d7ef7011-7ac1-491d-aedb-fd1dfa73e175" timestamp="2025-08-16T10:16:51.390Z" tests="3" failures="0" errors="0" time="0.008">
    <testcase name="Status is 200" time="0.008" classname="AthenaAuthApi"/>
    <testcase name="Response wrapped with data" time="0.008" classname="AthenaAuthApi"/>
    <testcase name="Upload completion response" time="0.008" classname="AthenaAuthApi"/>
  </testsuite>
</testsuites>