mode: atomic
athena/internal/config/config.go:102.30,104.40 1 0
athena/internal/config/config.go:104.40,108.3 1 0
athena/internal/config/config.go:110.2,116.49 5 0
athena/internal/config/config.go:116.49,117.50 1 0
athena/internal/config/config.go:117.50,119.4 1 0
athena/internal/config/config.go:122.2,123.27 2 0
athena/internal/config/config.go:123.27,125.3 1 0
athena/internal/config/config.go:127.2,128.24 2 0
athena/internal/config/config.go:128.24,130.3 1 0
athena/internal/config/config.go:132.2,133.23 2 0
athena/internal/config/config.go:133.23,135.3 1 0
athena/internal/config/config.go:137.2,142.25 5 0
athena/internal/config/config.go:142.25,144.3 1 0
athena/internal/config/config.go:146.2,209.17 40 0
athena/internal/config/config.go:212.55,213.42 1 0
athena/internal/config/config.go:213.42,215.3 1 0
athena/internal/config/config.go:216.2,216.21 1 0
athena/internal/config/config.go:219.53,221.17 2 0
athena/internal/config/config.go:221.17,223.3 1 0
athena/internal/config/config.go:224.2,224.57 1 0
athena/internal/config/config.go:227.50,229.17 2 0
athena/internal/config/config.go:229.17,231.3 1 0
athena/internal/config/config.go:232.2,232.52 1 0
athena/internal/config/config.go:232.52,234.3 1 0
athena/internal/config/config.go:235.2,235.21 1 0
athena/internal/config/config.go:238.56,240.17 2 0
athena/internal/config/config.go:240.17,242.3 1 0
athena/internal/config/config.go:243.2,243.64 1 0
athena/internal/config/config.go:243.64,245.3 1 0
athena/internal/config/config.go:246.2,246.21 1 0
athena/internal/config/config.go:249.62,251.17 2 0
athena/internal/config/config.go:251.17,253.3 1 0
athena/internal/config/config.go:254.2,254.62 1 0
athena/internal/config/config.go:254.62,256.3 1 0
athena/internal/config/config.go:257.2,257.21 1 0
athena/internal/config/config.go:260.68,262.17 2 0
athena/internal/config/config.go:262.17,264.3 1 0
athena/internal/config/config.go:265.2,265.34 1 0
athena/cmd/server/main.go:21.13,23.16 2 0
athena/cmd/server/main.go:23.16,25.3 1 0
athena/cmd/server/main.go:27.2,47.12 11 0
athena/cmd/server/main.go:47.12,49.80 2 0
athena/cmd/server/main.go:49.80,51.4 1 0
athena/cmd/server/main.go:54.2,63.45 7 0
athena/cmd/server/main.go:63.45,65.3 1 0
athena/cmd/server/main.go:67.2,67.30 1 0
athena/internal/domain/errors.go:50.37,51.21 1 0
athena/internal/domain/errors.go:51.21,53.3 1 0
athena/internal/domain/errors.go:54.2,54.49 1 0
athena/internal/domain/errors.go:57.55,59.2 1 0
athena/internal/domain/errors.go:61.75,63.2 1 0
athena/internal/httpapi/handlers.go:17.26,19.2 1 0
athena/internal/httpapi/handlers.go:22.64,24.61 2 0
athena/internal/httpapi/handlers.go:24.61,27.3 2 0
athena/internal/httpapi/handlers.go:29.2,29.43 1 0
athena/internal/httpapi/handlers.go:29.43,32.3 2 0
athena/internal/httpapi/handlers.go:34.2,52.39 3 0
athena/internal/httpapi/handlers.go:56.67,58.61 2 0
athena/internal/httpapi/handlers.go:58.61,61.3 2 0
athena/internal/httpapi/handlers.go:63.2,63.65 1 0
athena/internal/httpapi/handlers.go:63.65,66.3 2 0
athena/internal/httpapi/handlers.go:68.2,86.44 3 0
athena/internal/httpapi/handlers.go:90.71,92.61 2 0
athena/internal/httpapi/handlers.go:92.61,95.3 2 0
athena/internal/httpapi/handlers.go:97.2,97.28 1 0
athena/internal/httpapi/handlers.go:97.28,100.3 2 0
athena/internal/httpapi/handlers.go:102.2,108.39 2 0
athena/internal/httpapi/handlers.go:112.65,121.2 3 0
athena/internal/httpapi/handlers.go:124.70,131.2 2 0
athena/internal/httpapi/handlers.go:134.73,151.2 5 0
athena/internal/httpapi/handlers.go:154.64,156.2 1 0
athena/internal/httpapi/handlers.go:158.34,160.2 1 0
athena/internal/httpapi/health.go:20.58,29.2 2 0
athena/internal/httpapi/health.go:31.61,36.40 4 0
athena/internal/httpapi/health.go:36.40,40.3 3 0
athena/internal/httpapi/health.go:40.8,42.3 1 0
athena/internal/httpapi/health.go:44.2,44.37 1 0
athena/internal/httpapi/health.go:44.37,48.3 3 0
athena/internal/httpapi/health.go:48.8,50.3 1 0
athena/internal/httpapi/health.go:52.2,52.36 1 0
athena/internal/httpapi/health.go:52.36,56.3 3 0
athena/internal/httpapi/health.go:56.8,58.3 1 0
athena/internal/httpapi/health.go:60.2,60.42 1 0
athena/internal/httpapi/health.go:60.42,64.3 3 0
athena/internal/httpapi/health.go:64.8,66.3 1 0
athena/internal/httpapi/health.go:68.2,76.37 2 0
athena/internal/httpapi/health.go:79.28,81.2 1 0
athena/internal/httpapi/health.go:83.25,85.2 1 0
athena/internal/httpapi/health.go:87.24,89.2 1 0
athena/internal/httpapi/health.go:91.30,95.32 3 0
athena/internal/httpapi/health.go:95.32,97.3 1 0
athena/internal/httpapi/health.go:99.2,99.12 1 0
athena/internal/httpapi/response.go:30.73,39.60 4 0
athena/internal/httpapi/response.go:39.60,42.3 1 0
athena/internal/httpapi/response.go:45.67,53.51 4 0
athena/internal/httpapi/response.go:53.51,56.3 2 0
athena/internal/httpapi/response.go:58.2,63.60 2 0
athena/internal/httpapi/response.go:63.60,66.3 1 0
athena/internal/httpapi/response.go:69.93,79.60 4 0
athena/internal/httpapi/response.go:79.60,82.3 1 0
athena/internal/httpapi/response.go:85.42,86.13 1 0
athena/internal/httpapi/response.go:87.75,88.29 1 0
athena/internal/httpapi/response.go:89.108,90.33 1 0
athena/internal/httpapi/response.go:91.27,92.30 1 0
athena/internal/httpapi/response.go:93.99,94.31 1 0
athena/internal/httpapi/response.go:95.55,96.29 1 0
athena/internal/httpapi/response.go:97.33,98.36 1 0
athena/internal/httpapi/response.go:99.63,100.39 1 0
athena/internal/httpapi/response.go:101.30,102.42 1 0
athena/internal/httpapi/response.go:103.10,104.40 1 0
athena/internal/httpapi/routes.go:12.55,29.40 9 0
athena/internal/httpapi/routes.go:29.40,30.41 1 0
athena/internal/httpapi/routes.go:30.41,41.4 9 0
athena/internal/httpapi/routes.go:43.3,43.40 1 0
athena/internal/httpapi/routes.go:43.40,48.4 4 0
athena/internal/httpapi/users.go:15.61,32.2 3 0
athena/internal/httpapi/users.go:34.64,43.61 3 0
athena/internal/httpapi/users.go:43.61,46.3 2 0
athena/internal/httpapi/users.go:48.2,61.35 2 0
athena/internal/httpapi/users.go:64.54,66.18 2 0
athena/internal/httpapi/users.go:66.18,69.3 2 0
athena/internal/httpapi/users.go:71.2,83.35 2 0
athena/internal/httpapi/users.go:86.60,88.18 2 0
athena/internal/httpapi/users.go:88.18,91.3 2 0
athena/internal/httpapi/users.go:93.2,94.31 2 0
athena/internal/httpapi/users.go:94.31,96.3 1 0
athena/internal/httpapi/users.go:98.2,99.16 2 0
athena/internal/httpapi/users.go:99.16,101.3 1 0
athena/internal/httpapi/users.go:103.2,140.51 3 0
athena/internal/httpapi/videos.go:15.57,17.31 2 0
athena/internal/httpapi/videos.go:17.31,19.3 1 0
athena/internal/httpapi/videos.go:21.2,22.16 2 0
athena/internal/httpapi/videos.go:22.16,24.3 1 0
athena/internal/httpapi/videos.go:26.2,27.16 2 0
athena/internal/httpapi/videos.go:27.16,29.3 1 0
athena/internal/httpapi/videos.go:30.2,33.39 3 0
athena/internal/httpapi/videos.go:33.39,35.3 1 0
athena/internal/httpapi/videos.go:36.2,79.51 4 0
athena/internal/httpapi/videos.go:82.59,84.17 2 0
athena/internal/httpapi/videos.go:84.17,87.3 2 0
athena/internal/httpapi/videos.go:89.2,90.31 2 0
athena/internal/httpapi/videos.go:90.31,92.3 1 0
athena/internal/httpapi/videos.go:94.2,116.51 4 0
athena/internal/httpapi/videos.go:119.55,121.19 2 0
athena/internal/httpapi/videos.go:121.19,124.3 2 0
athena/internal/httpapi/videos.go:126.2,154.36 2 0
athena/internal/httpapi/videos.go:157.58,159.61 2 0
athena/internal/httpapi/videos.go:159.61,162.3 2 0
athena/internal/httpapi/videos.go:164.2,181.41 3 0
athena/internal/httpapi/videos.go:184.58,186.19 2 0
athena/internal/httpapi/videos.go:186.19,189.3 2 0
athena/internal/httpapi/videos.go:191.2,192.61 2 0
athena/internal/httpapi/videos.go:192.61,195.3 2 0
athena/internal/httpapi/videos.go:197.2,211.36 3 0
athena/internal/httpapi/videos.go:214.58,216.19 2 0
athena/internal/httpapi/videos.go:216.19,219.3 2 0
athena/internal/httpapi/videos.go:221.2,221.37 1 0
athena/internal/httpapi/videos.go:224.63,226.19 2 0
athena/internal/httpapi/videos.go:226.19,229.3 2 0
athena/internal/httpapi/videos.go:231.2,232.16 2 0
athena/internal/httpapi/videos.go:232.16,235.3 2 0
athena/internal/httpapi/videos.go:237.2,238.16 2 0
athena/internal/httpapi/videos.go:238.16,241.3 2 0
athena/internal/httpapi/videos.go:243.2,244.20 2 0
athena/internal/httpapi/videos.go:244.20,247.3 2 0
athena/internal/httpapi/videos.go:249.2,256.39 2 0
athena/internal/httpapi/videos.go:259.66,261.19 2 0
athena/internal/httpapi/videos.go:261.19,264.3 2 0
athena/internal/httpapi/videos.go:266.2,272.39 2 0
athena/internal/httpapi/videos.go:275.58,277.19 2 0
athena/internal/httpapi/videos.go:277.19,280.3 2 0
athena/internal/httpapi/videos.go:282.2,283.19 2 0
athena/internal/httpapi/videos.go:283.19,285.3 1 0
athena/internal/httpapi/videos.go:286.2,303.56 5 0
athena/internal/httpapi/videos.go:303.56,306.3 1 0
athena/internal/middleware/auth.go:15.61,16.46 1 0
athena/internal/middleware/auth.go:16.46,17.72 1 0
athena/internal/middleware/auth.go:17.72,19.24 2 0
athena/internal/middleware/auth.go:19.24,22.5 2 0
athena/internal/middleware/auth.go:24.4,25.33 2 0
athena/internal/middleware/auth.go:25.33,28.5 2 0
athena/internal/middleware/auth.go:30.4,31.18 2 0
athena/internal/middleware/auth.go:31.18,34.5 2 0
athena/internal/middleware/auth.go:36.4,37.41 2 0
athena/internal/middleware/auth.go:42.69,43.46 1 0
athena/internal/middleware/auth.go:43.46,44.72 1 0
athena/internal/middleware/auth.go:44.72,46.24 2 0
athena/internal/middleware/auth.go:46.24,49.5 2 0
athena/internal/middleware/auth.go:51.4,52.33 2 0
athena/internal/middleware/auth.go:52.33,53.71 1 0
athena/internal/middleware/auth.go:53.71,56.6 2 0
athena/internal/middleware/auth.go:59.4,59.24 1 0
athena/internal/middleware/auth.go:64.65,66.2 1 0
athena/internal/middleware/cors.go:7.45,8.46 1 0
athena/internal/middleware/cors.go:8.46,9.72 1 0
athena/internal/middleware/cors.go:9.72,17.29 7 0
athena/internal/middleware/cors.go:17.29,20.5 2 0
athena/internal/middleware/cors.go:22.4,22.24 1 0
athena/internal/middleware/ratelimit.go:22.65,32.2 3 0
athena/internal/middleware/ratelimit.go:34.46,41.13 5 0
athena/internal/middleware/ratelimit.go:41.13,48.3 2 0
athena/internal/middleware/ratelimit.go:50.2,50.33 1 0
athena/internal/middleware/ratelimit.go:50.33,53.3 2 0
athena/internal/middleware/ratelimit.go:53.8,55.3 1 0
athena/internal/middleware/ratelimit.go:57.2,59.28 2 0
athena/internal/middleware/ratelimit.go:62.42,63.6 1 0
athena/internal/middleware/ratelimit.go:63.6,66.34 3 0
athena/internal/middleware/ratelimit.go:66.34,67.46 1 0
athena/internal/middleware/ratelimit.go:67.46,69.5 1 0
athena/internal/middleware/ratelimit.go:71.3,71.17 1 0
athena/internal/middleware/ratelimit.go:75.79,78.46 2 0
athena/internal/middleware/ratelimit.go:78.46,79.72 1 0
athena/internal/middleware/ratelimit.go:79.72,81.16 2 0
athena/internal/middleware/ratelimit.go:81.16,83.5 1 0
athena/internal/middleware/ratelimit.go:84.4,84.16 1 0
athena/internal/middleware/ratelimit.go:84.16,86.5 1 0
athena/internal/middleware/ratelimit.go:88.4,88.21 1 0
athena/internal/middleware/ratelimit.go:88.21,91.5 2 0
athena/internal/middleware/ratelimit.go:93.4,93.24 1 0
athena/internal/generated/server.go:44.85,46.2 1 0
athena/internal/generated/server.go:49.82,51.2 1 0
athena/internal/generated/server.go:54.89,56.2 1 0
athena/internal/generated/server.go:59.83,61.2 1 0
athena/internal/generated/server.go:64.88,66.2 1 0
athena/internal/generated/server.go:69.91,71.2 1 0
athena/internal/generated/server.go:74.47,76.2 1 0
athena/internal/generated/server.go:79.68,92.2 8 0
athena/internal/generated/server.go:95.84,98.31 2 0
athena/internal/generated/server.go:98.31,100.3 1 0
athena/internal/generated/server.go:102.2,102.30 1 0
