mode: atomic
athena/cmd/server/main.go:21.13,23.16 2 0
athena/cmd/server/main.go:23.16,25.3 1 0
athena/cmd/server/main.go:27.2,47.12 11 0
athena/cmd/server/main.go:47.12,49.80 2 0
athena/cmd/server/main.go:49.80,51.4 1 0
athena/cmd/server/main.go:54.2,63.45 7 0
athena/cmd/server/main.go:63.45,65.3 1 0
athena/cmd/server/main.go:67.2,67.30 1 0
athena/internal/domain/errors.go:50.37,51.21 1 0
athena/internal/domain/errors.go:51.21,53.3 1 0
athena/internal/domain/errors.go:54.2,54.49 1 0
athena/internal/domain/errors.go:57.55,59.2 1 0
athena/internal/domain/errors.go:61.75,63.2 1 0
athena/internal/config/config.go:102.30,104.40 1 0
athena/internal/config/config.go:104.40,108.3 1 0
athena/internal/config/config.go:110.2,116.49 5 0
athena/internal/config/config.go:116.49,117.50 1 0
athena/internal/config/config.go:117.50,119.4 1 0
athena/internal/config/config.go:122.2,123.27 2 0
athena/internal/config/config.go:123.27,125.3 1 0
athena/internal/config/config.go:127.2,128.24 2 0
athena/internal/config/config.go:128.24,130.3 1 0
athena/internal/config/config.go:132.2,133.23 2 0
athena/internal/config/config.go:133.23,135.3 1 0
athena/internal/config/config.go:137.2,142.25 5 0
athena/internal/config/config.go:142.25,144.3 1 0
athena/internal/config/config.go:146.2,209.17 40 0
athena/internal/config/config.go:212.55,213.42 1 0
athena/internal/config/config.go:213.42,215.3 1 0
athena/internal/config/config.go:216.2,216.21 1 0
athena/internal/config/config.go:219.53,221.17 2 0
athena/internal/config/config.go:221.17,223.3 1 0
athena/internal/config/config.go:224.2,224.57 1 0
athena/internal/config/config.go:227.50,229.17 2 0
athena/internal/config/config.go:229.17,231.3 1 0
athena/internal/config/config.go:232.2,232.52 1 0
athena/internal/config/config.go:232.52,234.3 1 0
athena/internal/config/config.go:235.2,235.21 1 0
athena/internal/config/config.go:238.56,240.17 2 0
athena/internal/config/config.go:240.17,242.3 1 0
athena/internal/config/config.go:243.2,243.64 1 0
athena/internal/config/config.go:243.64,245.3 1 0
athena/internal/config/config.go:246.2,246.21 1 0
athena/internal/config/config.go:249.62,251.17 2 0
athena/internal/config/config.go:251.17,253.3 1 0
athena/internal/config/config.go:254.2,254.62 1 0
athena/internal/config/config.go:254.62,256.3 1 0
athena/internal/config/config.go:257.2,257.21 1 0
athena/internal/config/config.go:260.68,262.17 2 0
athena/internal/config/config.go:262.17,264.3 1 0
athena/internal/config/config.go:265.2,265.34 1 0
athena/internal/testutil/database.go:26.40,30.16 3 0
athena/internal/testutil/database.go:30.16,32.3 1 0
athena/internal/testutil/database.go:34.2,35.16 2 0
athena/internal/testutil/database.go:35.16,37.3 1 0
athena/internal/testutil/database.go:39.2,44.19 2 0
athena/internal/testutil/database.go:44.19,46.3 1 0
athena/internal/testutil/database.go:48.2,48.15 1 0
athena/internal/testutil/database.go:51.40,59.17 4 0
athena/internal/testutil/database.go:59.17,61.3 1 0
athena/internal/testutil/database.go:62.2,62.17 1 0
athena/internal/testutil/database.go:62.17,71.3 7 0
athena/internal/testutil/database.go:74.5,78.19 3 0
athena/internal/testutil/database.go:78.19,80.6 1 0
athena/internal/testutil/database.go:82.2,85.47 3 0
athena/internal/testutil/database.go:85.47,87.6 1 0
athena/internal/testutil/database.go:90.5,90.119 1 0
athena/internal/testutil/database.go:90.119,92.6 1 0
athena/internal/testutil/database.go:94.5,97.39 2 0
athena/internal/testutil/database.go:97.39,99.28 2 0
athena/internal/testutil/database.go:99.28,104.10 4 0
athena/internal/testutil/database.go:105.11,108.6 1 0
athena/internal/testutil/database.go:110.5,111.19 2 0
athena/internal/testutil/database.go:111.19,113.6 1 0
athena/internal/testutil/database.go:116.5,121.48 4 0
athena/internal/testutil/database.go:121.48,123.6 1 0
athena/internal/testutil/database.go:125.5,125.19 1 0
athena/internal/testutil/database.go:129.32,130.47 1 0
athena/internal/testutil/database.go:130.47,132.6 1 0
athena/internal/testutil/database.go:134.5,134.29 1 0
athena/internal/testutil/database.go:134.29,135.52 1 0
athena/internal/testutil/database.go:135.52,137.126 2 0
athena/internal/testutil/database.go:137.126,142.36 3 0
athena/internal/testutil/database.go:142.36,145.18 2 0
athena/internal/testutil/database.go:146.17,146.54 1 0
athena/internal/testutil/database.go:150.5,150.42 1 0
athena/internal/testutil/database.go:153.38,157.25 3 0
athena/internal/testutil/database.go:157.25,158.73 1 0
athena/internal/testutil/database.go:158.73,160.10 1 0
athena/internal/testutil/database.go:160.15,162.10 1 0
athena/internal/testutil/database.go:165.5,165.69 1 0
athena/internal/testutil/database.go:165.69,167.6 1 0
athena/internal/testutil/database.go:168.5,168.22 1 0
athena/internal/testutil/database.go:172.37,175.2 1 0
athena/internal/testutil/database.go:179.42,238.29 4 0
athena/internal/testutil/database.go:238.29,239.57 1 0
athena/internal/testutil/database.go:239.57,241.10 1 0
athena/internal/testutil/database.go:243.5,243.15 1 0
athena/internal/testutil/database.go:246.44,247.34 1 0
athena/internal/testutil/database.go:247.34,249.3 1 0
athena/internal/testutil/database.go:250.2,250.12 1 0
athena/internal/testutil/database.go:253.42,256.20 2 0
athena/internal/testutil/database.go:256.20,258.3 1 0
athena/internal/testutil/database.go:260.2,261.16 2 0
athena/internal/testutil/database.go:261.16,263.3 1 0
athena/internal/testutil/database.go:265.2,270.47 4 0
athena/internal/testutil/database.go:270.47,272.3 1 0
athena/internal/testutil/database.go:274.2,274.20 1 0
athena/internal/testutil/database.go:277.50,284.25 4 0
athena/internal/testutil/database.go:284.25,285.57 1 0
athena/internal/testutil/database.go:285.57,287.4 1 0
athena/internal/testutil/database.go:288.3,289.17 2 0
athena/internal/testutil/database.go:289.17,291.4 1 0
athena/internal/testutil/database.go:295.2,295.22 1 0
athena/internal/testutil/database.go:295.22,297.32 2 0
athena/internal/testutil/database.go:297.32,298.105 1 0
athena/internal/testutil/database.go:298.105,300.5 1 0
athena/internal/testutil/database.go:302.3,303.17 2 0
athena/internal/testutil/database.go:303.17,305.4 1 0
athena/internal/testutil/database.go:309.67,315.31 4 0
athena/internal/testutil/database.go:315.31,316.101 1 0
athena/internal/testutil/database.go:316.101,318.4 1 0
athena/internal/testutil/database.go:322.60,326.16 3 0
athena/internal/testutil/database.go:326.16,328.3 1 0
athena/internal/testutil/database.go:330.2,330.15 1 0
athena/internal/testutil/database.go:330.15,331.63 1 0
athena/internal/testutil/database.go:331.63,333.4 1 0
athena/internal/testutil/database.go:336.2,336.8 1 0
athena/internal/middleware/auth.go:18.61,19.46 1 0
athena/internal/middleware/auth.go:19.46,20.72 1 0
athena/internal/middleware/auth.go:20.72,22.24 2 0
athena/internal/middleware/auth.go:22.24,25.5 2 0
athena/internal/middleware/auth.go:27.4,28.33 2 0
athena/internal/middleware/auth.go:28.33,31.5 2 0
athena/internal/middleware/auth.go:33.4,34.18 2 0
athena/internal/middleware/auth.go:34.18,37.5 2 0
athena/internal/middleware/auth.go:39.4,40.41 2 0
athena/internal/middleware/auth.go:45.69,46.46 1 0
athena/internal/middleware/auth.go:46.46,47.72 1 0
athena/internal/middleware/auth.go:47.72,49.24 2 0
athena/internal/middleware/auth.go:49.24,52.5 2 0
athena/internal/middleware/auth.go:54.4,55.33 2 0
athena/internal/middleware/auth.go:55.33,56.71 1 0
athena/internal/middleware/auth.go:56.71,59.6 2 0
athena/internal/middleware/auth.go:62.4,62.24 1 0
athena/internal/middleware/auth.go:67.65,69.82 1 0
athena/internal/middleware/auth.go:69.82,70.60 1 0
athena/internal/middleware/auth.go:70.60,72.10 1 0
athena/internal/middleware/auth.go:73.9,73.38 1 0
athena/internal/middleware/auth.go:75.5,75.35 1 0
athena/internal/middleware/auth.go:75.35,77.6 1 0
athena/internal/middleware/auth.go:80.5,80.55 1 0
athena/internal/middleware/auth.go:80.55,81.50 1 0
athena/internal/middleware/auth.go:81.50,83.10 1 0
athena/internal/middleware/auth.go:85.5,85.37 1 0
athena/internal/middleware/cors.go:7.45,8.46 1 0
athena/internal/middleware/cors.go:8.46,9.72 1 0
athena/internal/middleware/cors.go:9.72,17.29 7 0
athena/internal/middleware/cors.go:17.29,20.5 2 0
athena/internal/middleware/cors.go:22.4,22.24 1 0
athena/internal/middleware/ratelimit.go:22.65,32.2 3 0
athena/internal/middleware/ratelimit.go:34.46,41.13 5 0
athena/internal/middleware/ratelimit.go:41.13,48.3 2 0
athena/internal/middleware/ratelimit.go:50.2,50.33 1 0
athena/internal/middleware/ratelimit.go:50.33,53.3 2 0
athena/internal/middleware/ratelimit.go:53.8,55.3 1 0
athena/internal/middleware/ratelimit.go:57.2,59.28 2 0
athena/internal/middleware/ratelimit.go:62.42,63.6 1 0
athena/internal/middleware/ratelimit.go:63.6,66.34 3 0
athena/internal/middleware/ratelimit.go:66.34,67.46 1 0
athena/internal/middleware/ratelimit.go:67.46,69.5 1 0
athena/internal/middleware/ratelimit.go:71.3,71.17 1 0
athena/internal/middleware/ratelimit.go:75.79,78.46 2 0
athena/internal/middleware/ratelimit.go:78.46,79.72 1 0
athena/internal/middleware/ratelimit.go:79.72,81.16 2 0
athena/internal/middleware/ratelimit.go:81.16,83.5 1 0
athena/internal/middleware/ratelimit.go:84.4,84.16 1 0
athena/internal/middleware/ratelimit.go:84.16,86.5 1 0
athena/internal/middleware/ratelimit.go:88.4,88.21 1 0
athena/internal/middleware/ratelimit.go:88.21,91.5 2 0
athena/internal/middleware/ratelimit.go:93.4,93.24 1 0
athena/internal/generated/server.go:44.85,46.2 1 0
athena/internal/generated/server.go:49.82,51.2 1 0
athena/internal/generated/server.go:54.89,56.2 1 0
athena/internal/generated/server.go:59.83,61.2 1 0
athena/internal/generated/server.go:64.88,66.2 1 0
athena/internal/generated/server.go:69.91,71.2 1 0
athena/internal/generated/server.go:74.47,76.2 1 0
athena/internal/generated/server.go:79.68,92.2 8 0
athena/internal/generated/server.go:95.84,98.31 2 0
athena/internal/generated/server.go:98.31,100.3 1 0
athena/internal/generated/server.go:102.2,102.30 1 0
athena/internal/repository/auth_composite.go:17.122,19.2 1 0
athena/internal/repository/auth_composite.go:22.110,24.2 1 0
athena/internal/repository/auth_composite.go:26.117,28.2 1 0
athena/internal/repository/auth_composite.go:30.95,32.2 1 0
athena/internal/repository/auth_composite.go:34.97,36.2 1 0
athena/internal/repository/auth_composite.go:38.81,40.2 1 0
athena/internal/repository/auth_composite.go:43.123,45.2 1 0
athena/internal/repository/auth_composite.go:47.101,49.2 1 0
athena/internal/repository/auth_composite.go:51.94,53.2 1 0
athena/internal/repository/auth_composite.go:55.99,57.2 1 0
athena/internal/repository/auth_repository.go:17.60,19.2 1 10
athena/internal/repository/auth_repository.go:21.101,29.16 3 11
athena/internal/repository/auth_repository.go:29.16,31.3 1 0
athena/internal/repository/auth_repository.go:33.2,33.12 1 11
athena/internal/repository/auth_repository.go:36.108,44.16 4 10
athena/internal/repository/auth_repository.go:44.16,45.27 1 6
athena/internal/repository/auth_repository.go:45.27,47.4 1 6
athena/internal/repository/auth_repository.go:48.3,48.65 1 0
athena/internal/repository/auth_repository.go:51.2,51.27 1 4
athena/internal/repository/auth_repository.go:54.86,58.16 3 3
athena/internal/repository/auth_repository.go:58.16,60.3 1 0
athena/internal/repository/auth_repository.go:62.2,63.16 2 3
athena/internal/repository/auth_repository.go:63.16,65.3 1 0
athena/internal/repository/auth_repository.go:67.2,67.23 1 3
athena/internal/repository/auth_repository.go:67.23,69.3 1 1
athena/internal/repository/auth_repository.go:71.2,71.12 1 2
athena/internal/repository/auth_repository.go:74.88,78.16 3 1
athena/internal/repository/auth_repository.go:78.16,80.3 1 0
athena/internal/repository/auth_repository.go:82.2,82.12 1 1
athena/internal/repository/auth_repository.go:85.72,89.16 3 1
athena/internal/repository/auth_repository.go:89.16,91.3 1 0
athena/internal/repository/auth_repository.go:93.2,93.12 1 1
athena/internal/repository/auth_repository.go:96.114,106.16 3 9
athena/internal/repository/auth_repository.go:106.16,108.3 1 0
athena/internal/repository/auth_repository.go:110.2,110.12 1 9
athena/internal/repository/auth_repository.go:113.92,118.16 4 9
athena/internal/repository/auth_repository.go:118.16,119.27 1 5
athena/internal/repository/auth_repository.go:119.27,121.4 1 5
athena/internal/repository/auth_repository.go:122.3,122.58 1 0
athena/internal/repository/auth_repository.go:125.2,125.20 1 4
athena/internal/repository/auth_repository.go:128.85,132.16 3 1
athena/internal/repository/auth_repository.go:132.16,134.3 1 0
athena/internal/repository/auth_repository.go:136.2,136.12 1 1
athena/internal/repository/auth_repository.go:139.90,143.16 3 1
athena/internal/repository/auth_repository.go:143.16,145.3 1 0
athena/internal/repository/auth_repository.go:147.2,147.12 1 1
athena/internal/repository/auth_session_redis.go:16.75,16.119 1 0
athena/internal/repository/auth_session_redis.go:19.35,19.58 1 0
athena/internal/repository/auth_session_redis.go:20.44,20.80 1 0
athena/internal/repository/auth_session_redis.go:22.122,24.17 2 0
athena/internal/repository/auth_session_redis.go:24.17,26.6 1 0
athena/internal/repository/auth_session_redis.go:27.5,31.45 5 0
athena/internal/repository/auth_session_redis.go:31.45,33.6 1 0
athena/internal/repository/auth_session_redis.go:34.5,34.15 1 0
athena/internal/repository/auth_session_redis.go:37.100,39.19 2 0
athena/internal/repository/auth_session_redis.go:39.19,41.6 1 0
athena/internal/repository/auth_session_redis.go:42.5,42.23 1 0
athena/internal/repository/auth_session_redis.go:45.93,50.21 4 0
athena/internal/repository/auth_session_redis.go:50.21,52.6 1 0
athena/internal/repository/auth_session_redis.go:53.5,53.45 1 0
athena/internal/repository/auth_session_redis.go:53.45,55.6 1 0
athena/internal/repository/auth_session_redis.go:56.5,56.15 1 0
athena/internal/repository/auth_session_redis.go:59.98,62.19 3 0
athena/internal/repository/auth_session_redis.go:62.19,65.6 1 0
athena/internal/repository/auth_session_redis.go:66.5,67.28 2 0
athena/internal/repository/auth_session_redis.go:67.28,69.6 1 0
athena/internal/repository/auth_session_redis.go:70.5,71.45 2 0
athena/internal/repository/auth_session_redis.go:71.45,73.6 1 0
athena/internal/repository/auth_session_redis.go:74.5,74.15 1 0
athena/internal/repository/user_repository.go:17.60,19.2 1 21
athena/internal/repository/user_repository.go:21.100,30.16 3 28
athena/internal/repository/user_repository.go:30.16,32.3 1 2
athena/internal/repository/user_repository.go:34.2,34.12 1 26
athena/internal/repository/user_repository.go:37.88,44.16 4 3
athena/internal/repository/user_repository.go:44.16,45.27 1 1
athena/internal/repository/user_repository.go:45.27,47.4 1 1
athena/internal/repository/user_repository.go:48.3,48.62 1 0
athena/internal/repository/user_repository.go:51.2,51.19 1 2
athena/internal/repository/user_repository.go:54.94,61.16 4 2
athena/internal/repository/user_repository.go:61.16,62.27 1 1
athena/internal/repository/user_repository.go:62.27,64.4 1 1
athena/internal/repository/user_repository.go:65.3,65.65 1 0
athena/internal/repository/user_repository.go:68.2,68.19 1 1
athena/internal/repository/user_repository.go:71.100,78.16 4 2
athena/internal/repository/user_repository.go:78.16,79.27 1 1
athena/internal/repository/user_repository.go:79.27,81.4 1 1
athena/internal/repository/user_repository.go:82.3,82.68 1 0
athena/internal/repository/user_repository.go:85.2,85.19 1 1
athena/internal/repository/user_repository.go:88.79,99.16 3 1
athena/internal/repository/user_repository.go:99.16,101.3 1 0
athena/internal/repository/user_repository.go:103.2,104.16 2 1
athena/internal/repository/user_repository.go:104.16,106.3 1 0
athena/internal/repository/user_repository.go:108.2,108.23 1 1
athena/internal/repository/user_repository.go:108.23,110.3 1 0
athena/internal/repository/user_repository.go:112.2,112.12 1 1
athena/internal/repository/user_repository.go:115.71,119.16 3 2
athena/internal/repository/user_repository.go:119.16,121.3 1 0
athena/internal/repository/user_repository.go:123.2,124.16 2 2
athena/internal/repository/user_repository.go:124.16,126.3 1 0
athena/internal/repository/user_repository.go:128.2,128.23 1 2
athena/internal/repository/user_repository.go:128.23,130.3 1 1
athena/internal/repository/user_repository.go:132.2,132.12 1 1
athena/internal/repository/user_repository.go:135.94,140.16 4 3
athena/internal/repository/user_repository.go:140.16,141.27 1 1
athena/internal/repository/user_repository.go:141.27,143.4 1 1
athena/internal/repository/user_repository.go:144.3,144.64 1 0
athena/internal/repository/user_repository.go:147.2,147.26 1 2
athena/internal/repository/user_repository.go:150.97,154.16 3 2
athena/internal/repository/user_repository.go:154.16,156.3 1 0
athena/internal/repository/user_repository.go:158.2,159.16 2 2
athena/internal/repository/user_repository.go:159.16,161.3 1 0
athena/internal/repository/user_repository.go:163.2,163.23 1 2
athena/internal/repository/user_repository.go:163.23,165.3 1 1
athena/internal/repository/user_repository.go:167.2,167.12 1 1
athena/internal/repository/user_repository.go:170.95,179.16 4 3
athena/internal/repository/user_repository.go:179.16,181.3 1 0
athena/internal/repository/user_repository.go:183.2,183.19 1 3
athena/internal/repository/user_repository.go:186.68,191.16 4 2
athena/internal/repository/user_repository.go:191.16,193.3 1 0
athena/internal/repository/user_repository.go:195.2,195.19 1 2
athena/internal/repository/video_repository.go:18.62,20.2 1 0
athena/internal/repository/video_repository.go:22.78,49.19 5 0
athena/internal/repository/video_repository.go:49.19,51.6 1 0
athena/internal/repository/video_repository.go:52.5,52.15 1 0
athena/internal/httpapi/handlers.go:32.167,34.2 1 12
athena/internal/httpapi/handlers.go:37.64,39.64 2 5
athena/internal/httpapi/handlers.go:39.64,42.6 2 0
athena/internal/httpapi/handlers.go:44.5,44.46 1 5
athena/internal/httpapi/handlers.go:44.46,47.6 2 1
athena/internal/httpapi/handlers.go:50.5,51.19 2 4
athena/internal/httpapi/handlers.go:51.19,54.6 2 1
athena/internal/httpapi/handlers.go:55.5,56.19 2 3
athena/internal/httpapi/handlers.go:56.19,59.6 2 0
athena/internal/httpapi/handlers.go:60.5,60.81 1 3
athena/internal/httpapi/handlers.go:60.81,63.6 2 1
athena/internal/httpapi/handlers.go:66.5,69.26 4 2
athena/internal/httpapi/handlers.go:69.26,77.78 2 2
athena/internal/httpapi/handlers.go:77.78,80.10 2 0
athena/internal/httpapi/handlers.go:83.9,83.104 1 2
athena/internal/httpapi/handlers.go:83.104,86.10 2 0
athena/internal/httpapi/handlers.go:90.5,91.32 2 2
athena/internal/httpapi/handlers.go:91.32,91.78 2 0
athena/internal/httpapi/handlers.go:92.5,110.42 3 2
athena/internal/httpapi/handlers.go:114.67,116.64 2 5
athena/internal/httpapi/handlers.go:116.64,119.6 2 0
athena/internal/httpapi/handlers.go:121.5,121.68 1 5
athena/internal/httpapi/handlers.go:121.68,124.6 2 1
athena/internal/httpapi/handlers.go:127.5,127.26 1 4
athena/internal/httpapi/handlers.go:127.26,128.80 1 4
athena/internal/httpapi/handlers.go:128.80,131.10 2 1
athena/internal/httpapi/handlers.go:132.9,132.86 1 3
athena/internal/httpapi/handlers.go:132.86,135.10 2 1
athena/internal/httpapi/handlers.go:137.9,140.35 4 2
athena/internal/httpapi/handlers.go:140.35,140.69 1 2
athena/internal/httpapi/handlers.go:142.9,155.23 3 2
athena/internal/httpapi/handlers.go:155.23,158.10 2 0
athena/internal/httpapi/handlers.go:160.9,160.83 1 2
athena/internal/httpapi/handlers.go:160.83,164.10 3 0
athena/internal/httpapi/handlers.go:167.9,168.36 2 2
athena/internal/httpapi/handlers.go:168.36,168.82 2 2
athena/internal/httpapi/handlers.go:169.9,186.30 5 2
athena/internal/httpapi/handlers.go:186.30,194.82 2 1
athena/internal/httpapi/handlers.go:194.82,197.14 2 0
athena/internal/httpapi/handlers.go:198.13,198.108 1 1
athena/internal/httpapi/handlers.go:198.108,201.14 2 0
athena/internal/httpapi/handlers.go:204.9,212.15 3 2
athena/internal/httpapi/handlers.go:216.5,216.125 1 0
athena/internal/httpapi/handlers.go:220.71,222.64 2 3
athena/internal/httpapi/handlers.go:222.64,225.6 2 0
athena/internal/httpapi/handlers.go:227.5,227.31 1 3
athena/internal/httpapi/handlers.go:227.31,230.6 2 1
athena/internal/httpapi/handlers.go:232.5,232.26 1 2
athena/internal/httpapi/handlers.go:232.26,235.6 2 0
athena/internal/httpapi/handlers.go:238.5,239.19 2 2
athena/internal/httpapi/handlers.go:239.19,242.6 2 1
athena/internal/httpapi/handlers.go:245.5,256.74 5 1
athena/internal/httpapi/handlers.go:256.74,259.6 2 0
athena/internal/httpapi/handlers.go:262.5,263.110 2 1
athena/internal/httpapi/handlers.go:263.110,266.6 2 0
athena/internal/httpapi/handlers.go:268.5,274.42 2 1
athena/internal/httpapi/handlers.go:278.65,281.26 2 1
athena/internal/httpapi/handlers.go:281.26,284.6 2 1
athena/internal/httpapi/handlers.go:286.5,291.42 2 1
athena/internal/httpapi/handlers.go:295.70,302.2 2 0
athena/internal/httpapi/handlers.go:305.73,311.23 4 0
athena/internal/httpapi/handlers.go:311.23,313.20 2 0
athena/internal/httpapi/handlers.go:313.20,315.10 1 0
athena/internal/httpapi/handlers.go:316.9,318.55 3 0
athena/internal/httpapi/handlers.go:318.55,320.10 1 0
athena/internal/httpapi/handlers.go:323.2,333.39 2 0
athena/internal/httpapi/handlers.go:338.76,350.2 2 5
athena/internal/httpapi/handlers.go:354.30,356.47 1 0
athena/internal/httpapi/handlers.go:356.47,358.6 1 0
athena/internal/httpapi/handlers.go:359.5,359.24 1 0
athena/internal/httpapi/handlers.go:362.29,362.41 1 0
athena/internal/httpapi/handlers.go:362.41,362.64 1 0
athena/internal/httpapi/handlers.go:362.66,362.74 1 0
athena/internal/httpapi/handlers.go:365.73,374.19 5 5
athena/internal/httpapi/handlers.go:374.19,377.6 1 0
athena/internal/httpapi/handlers.go:378.5,378.13 1 5
athena/internal/httpapi/handlers.go:382.29,384.16 2 0
athena/internal/httpapi/handlers.go:384.16,386.6 1 0
athena/internal/httpapi/handlers.go:387.5,388.19 2 0
athena/internal/httpapi/handlers.go:388.19,390.6 1 0
athena/internal/httpapi/handlers.go:391.5,391.13 1 0
athena/internal/httpapi/health.go:20.58,29.2 2 0
athena/internal/httpapi/health.go:31.61,36.40 4 0
athena/internal/httpapi/health.go:36.40,40.3 3 0
athena/internal/httpapi/health.go:40.8,42.3 1 0
athena/internal/httpapi/health.go:44.2,44.37 1 0
athena/internal/httpapi/health.go:44.37,48.3 3 0
athena/internal/httpapi/health.go:48.8,50.3 1 0
athena/internal/httpapi/health.go:52.2,52.36 1 0
athena/internal/httpapi/health.go:52.36,56.3 3 0
athena/internal/httpapi/health.go:56.8,58.3 1 0
athena/internal/httpapi/health.go:60.2,60.42 1 0
athena/internal/httpapi/health.go:60.42,64.3 3 0
athena/internal/httpapi/health.go:64.8,66.3 1 0
athena/internal/httpapi/health.go:68.2,76.37 2 0
athena/internal/httpapi/health.go:79.28,81.2 1 0
athena/internal/httpapi/health.go:83.25,85.2 1 0
athena/internal/httpapi/health.go:87.24,89.2 1 0
athena/internal/httpapi/health.go:91.30,95.32 3 0
athena/internal/httpapi/health.go:95.32,97.3 1 0
athena/internal/httpapi/health.go:99.2,99.12 1 0
athena/internal/httpapi/response.go:30.73,39.60 4 15
athena/internal/httpapi/response.go:39.60,42.3 1 0
athena/internal/httpapi/response.go:45.67,53.51 4 18
athena/internal/httpapi/response.go:53.51,56.3 2 15
athena/internal/httpapi/response.go:58.2,63.60 2 18
athena/internal/httpapi/response.go:63.60,66.3 1 0
athena/internal/httpapi/response.go:69.93,79.60 4 0
athena/internal/httpapi/response.go:79.60,82.3 1 0
athena/internal/httpapi/response.go:85.42,86.13 1 0
athena/internal/httpapi/response.go:87.75,88.29 1 0
athena/internal/httpapi/response.go:89.108,90.33 1 0
athena/internal/httpapi/response.go:91.27,92.30 1 0
athena/internal/httpapi/response.go:93.99,94.31 1 0
athena/internal/httpapi/response.go:95.55,96.29 1 0
athena/internal/httpapi/response.go:97.33,98.36 1 0
athena/internal/httpapi/response.go:99.63,100.39 1 0
athena/internal/httpapi/response.go:101.30,102.42 1 0
athena/internal/httpapi/response.go:103.10,104.40 1 0
athena/internal/httpapi/routes.go:18.55,23.16 3 0
athena/internal/httpapi/routes.go:23.16,24.62 1 0
athena/internal/httpapi/routes.go:26.5,32.19 5 0
athena/internal/httpapi/routes.go:32.19,33.64 1 0
athena/internal/httpapi/routes.go:35.5,37.28 2 0
athena/internal/httpapi/routes.go:37.28,41.6 3 0
athena/internal/httpapi/routes.go:41.21,42.65 1 0
athena/internal/httpapi/routes.go:44.5,60.40 9 0
athena/internal/httpapi/routes.go:60.40,61.47 1 0
athena/internal/httpapi/routes.go:61.47,72.4 9 0
athena/internal/httpapi/routes.go:74.3,74.40 1 0
athena/internal/httpapi/routes.go:74.40,81.4 5 0
athena/internal/httpapi/users.go:19.74,20.57 1 6
athena/internal/httpapi/users.go:20.57,22.25 2 6
athena/internal/httpapi/users.go:22.25,25.10 2 2
athena/internal/httpapi/users.go:27.9,28.23 2 4
athena/internal/httpapi/users.go:28.23,29.46 1 2
athena/internal/httpapi/users.go:29.46,32.14 2 2
athena/internal/httpapi/users.go:33.13,34.19 2 0
athena/internal/httpapi/users.go:37.9,37.42 1 2
athena/internal/httpapi/users.go:42.77,50.57 2 4
athena/internal/httpapi/users.go:50.57,52.25 2 4
athena/internal/httpapi/users.go:52.25,55.10 2 1
athena/internal/httpapi/users.go:57.9,58.68 2 3
athena/internal/httpapi/users.go:58.68,61.10 2 1
athena/internal/httpapi/users.go:63.9,64.23 2 2
athena/internal/httpapi/users.go:64.23,65.46 1 0
athena/internal/httpapi/users.go:65.46,68.14 2 0
athena/internal/httpapi/users.go:69.13,70.19 2 0
athena/internal/httpapi/users.go:74.9,74.34 1 2
athena/internal/httpapi/users.go:74.34,76.10 1 2
athena/internal/httpapi/users.go:77.9,77.26 1 2
athena/internal/httpapi/users.go:77.26,79.10 1 2
athena/internal/httpapi/users.go:80.9,80.29 1 2
athena/internal/httpapi/users.go:80.29,82.10 1 2
athena/internal/httpapi/users.go:83.9,83.36 1 2
athena/internal/httpapi/users.go:83.36,85.10 1 0
athena/internal/httpapi/users.go:86.9,88.62 2 2
athena/internal/httpapi/users.go:88.62,89.46 1 0
athena/internal/httpapi/users.go:89.46,92.14 2 0
athena/internal/httpapi/users.go:93.13,94.19 2 0
athena/internal/httpapi/users.go:97.9,97.42 1 2
athena/internal/httpapi/users.go:102.67,103.57 1 3
athena/internal/httpapi/users.go:103.57,105.25 2 3
athena/internal/httpapi/users.go:105.25,108.10 2 0
athena/internal/httpapi/users.go:110.9,111.23 2 3
athena/internal/httpapi/users.go:111.23,112.46 1 1
athena/internal/httpapi/users.go:112.46,115.14 2 1
athena/internal/httpapi/users.go:116.13,117.19 2 0
athena/internal/httpapi/users.go:120.9,120.42 1 2
athena/internal/httpapi/users.go:125.60,127.21 2 0
athena/internal/httpapi/users.go:127.21,130.6 2 0
athena/internal/httpapi/users.go:132.5,133.34 2 0
athena/internal/httpapi/users.go:133.34,135.6 1 0
athena/internal/httpapi/users.go:137.5,138.19 2 0
athena/internal/httpapi/users.go:138.19,140.6 1 0
athena/internal/httpapi/users.go:142.5,179.54 3 0
athena/internal/httpapi/users.go:183.70,196.57 2 4
athena/internal/httpapi/users.go:196.57,198.68 2 6
athena/internal/httpapi/users.go:198.68,201.10 2 0
athena/internal/httpapi/users.go:203.9,203.72 1 6
athena/internal/httpapi/users.go:203.72,206.10 2 1
athena/internal/httpapi/users.go:209.9,209.74 1 5
athena/internal/httpapi/users.go:209.74,212.10 2 1
athena/internal/httpapi/users.go:213.9,213.80 1 4
athena/internal/httpapi/users.go:213.80,216.10 2 1
athena/internal/httpapi/users.go:218.9,221.23 4 3
athena/internal/httpapi/users.go:221.23,223.10 1 3
athena/internal/httpapi/users.go:224.9,225.32 2 3
athena/internal/httpapi/users.go:225.32,227.10 1 0
athena/internal/httpapi/users.go:229.9,245.23 3 3
athena/internal/httpapi/users.go:245.23,248.10 2 0
athena/internal/httpapi/users.go:250.9,250.83 1 3
athena/internal/httpapi/users.go:250.83,254.10 2 0
athena/internal/httpapi/users.go:257.9,258.47 2 3
athena/internal/httpapi/videos.go:17.57,19.31 2 0
athena/internal/httpapi/videos.go:19.31,21.3 1 0
athena/internal/httpapi/videos.go:23.2,24.16 2 0
athena/internal/httpapi/videos.go:24.16,26.3 1 0
athena/internal/httpapi/videos.go:28.2,29.16 2 0
athena/internal/httpapi/videos.go:29.16,31.3 1 0
athena/internal/httpapi/videos.go:32.2,35.39 3 0
athena/internal/httpapi/videos.go:35.39,37.3 1 0
athena/internal/httpapi/videos.go:38.2,83.51 4 0
athena/internal/httpapi/videos.go:86.59,88.17 2 0
athena/internal/httpapi/videos.go:88.17,91.3 2 0
athena/internal/httpapi/videos.go:93.2,94.31 2 0
athena/internal/httpapi/videos.go:94.31,96.3 1 0
athena/internal/httpapi/videos.go:98.2,120.51 4 0
athena/internal/httpapi/videos.go:123.55,125.19 2 0
athena/internal/httpapi/videos.go:125.19,128.3 2 0
athena/internal/httpapi/videos.go:130.5,159.36 2 0
athena/internal/httpapi/videos.go:162.72,163.57 1 0
athena/internal/httpapi/videos.go:163.57,165.68 2 0
athena/internal/httpapi/videos.go:165.68,168.10 2 0
athena/internal/httpapi/videos.go:170.9,171.25 2 0
athena/internal/httpapi/videos.go:171.25,174.10 2 0
athena/internal/httpapi/videos.go:176.9,193.24 3 0
athena/internal/httpapi/videos.go:193.24,194.67 1 0
athena/internal/httpapi/videos.go:194.67,197.14 2 0
athena/internal/httpapi/videos.go:200.9,201.48 2 0
athena/internal/httpapi/videos.go:205.58,207.19 2 0
athena/internal/httpapi/videos.go:207.19,210.3 2 0
athena/internal/httpapi/videos.go:212.2,213.61 2 0
athena/internal/httpapi/videos.go:213.61,216.3 2 0
athena/internal/httpapi/videos.go:218.2,232.36 3 0
athena/internal/httpapi/videos.go:235.58,237.19 2 0
athena/internal/httpapi/videos.go:237.19,240.3 2 0
athena/internal/httpapi/videos.go:242.2,242.37 1 0
athena/internal/httpapi/videos.go:245.63,247.19 2 0
athena/internal/httpapi/videos.go:247.19,250.3 2 0
athena/internal/httpapi/videos.go:252.2,253.16 2 0
athena/internal/httpapi/videos.go:253.16,256.3 2 0
athena/internal/httpapi/videos.go:258.2,259.16 2 0
athena/internal/httpapi/videos.go:259.16,262.3 2 0
athena/internal/httpapi/videos.go:264.2,265.20 2 0
athena/internal/httpapi/videos.go:265.20,268.3 2 0
athena/internal/httpapi/videos.go:270.2,277.39 2 0
athena/internal/httpapi/videos.go:280.66,282.19 2 0
athena/internal/httpapi/videos.go:282.19,285.3 2 0
athena/internal/httpapi/videos.go:287.2,293.39 2 0
athena/internal/httpapi/videos.go:296.58,298.19 2 0
athena/internal/httpapi/videos.go:298.19,301.3 2 0
athena/internal/httpapi/videos.go:303.2,304.19 2 0
athena/internal/httpapi/videos.go:304.19,306.3 1 0
athena/internal/httpapi/videos.go:307.2,324.56 5 0
athena/internal/httpapi/videos.go:324.56,327.3 1 0
